Arguments: 
  C:\Program Files\nodejs\node.exe C:\Users\HP\AppData\Roaming\npm\node_modules\yarn\bin\yarn.js dev

PATH: 
  C:\Python310\Scripts\;C:\Python310\;C:\windows\system32;C:\windows;C:\windows\System32\Wbem;C:\windows\System32\WindowsPowerShell\v1.0\;C:\windows\System32\OpenSSH\;C:\Program Files (x86)\NVIDIA Corporation\PhysX\Common;C:\Program Files\NVIDIA Corporation\NVIDIA NvDLISR;C:\ProgramData\chocolatey\bin;C:\WINDOWS\system32;C:\WINDOWS;C:\WINDOWS\System32\Wbem;C:\WINDOWS\System32\WindowsPowerShell\v1.0\;C:\WINDOWS\System32\OpenSSH\;C:\Program Files\PuTTY\;C:\Users\HP\AppData\Roaming\nvm;C:\Program Files\nodejs;C:\Program Files\Git\cmd;C:\Users\HP\AppData\Local\Microsoft\WindowsApps;C:\Users\HP\AppData\Local\Programs\Microsoft VS Code\bin;C:\Users\HP\AppData\Roaming\npm;C:\Users\HP\AppData\Roaming\nvm;C:\Program Files\nodejs;C:\ffmpeg\bin;C:\Program Files (x86)\GnuWin32\bin;C:\jqCommand\bin;C:\youtube-dl-command\bin;

Yarn version: 
  1.22.19

Node version: 
  16.14.2

Platform: 
  win32 x64

Trace: 
  SyntaxError: C:\Users\HP\Desktop\Backend-ffmpeg-Krowdy\package.json: Unexpected token } in JSON at position 159
      at JSON.parse (<anonymous>)
      at C:\Users\HP\AppData\Roaming\npm\node_modules\yarn\lib\cli.js:1629:59
      at Generator.next (<anonymous>)
      at step (C:\Users\HP\AppData\Roaming\npm\node_modules\yarn\lib\cli.js:310:30)
      at C:\Users\HP\AppData\Roaming\npm\node_modules\yarn\lib\cli.js:321:13

npm manifest: 
  {
    "name": "curl",
    "version": "1.0.0",
    "main": "index.js",
    "license": "MIT",
    "type": "module",
    
    "scripts": {
      "dev": "nodemon src/index.js",
    },
    "devDependencies": {
      "nodemon": "^2.0.16"
    },
    "dependencies": {
      "google-auth-library": "^8.3.0",
      "googleapis": "^107.0.0",
      "regex": "^0.1.1",
      "morgan": "^1.10.0",
      "query-string": "^7.1.1",
      "restify": "^8.6.1",
      "restify-cors-middleware2": "^2.1.2",
      "restify-errors": "^8.0.2",
      "restify-router": "^0.6.2",
      "url-parse": "^1.5.10",
    }
  }

yarn manifest: 
  No manifest

Lockfile: 
  # THIS IS AN AUTOGENERATED FILE. DO NOT EDIT THIS FILE DIRECTLY.
  # yarn lockfile v1
  
  
  "abbrev@1":
    "integrity" "sha512-nne9/IiQ/hzIhY6pdDnbBtz7DjPTKrY00P/zvPSm5pOFkl6xuGrGnXn/VtTNNfNtAfZ9/1RtehkszU9qcTii0Q=="
    "resolved" "https://registry.npmjs.org/abbrev/-/abbrev-1.1.1.tgz"
    "version" "1.1.1"
  
  "agent-base@6":
    "integrity" "sha512-RZNwNclF7+MS/8bDg70amg32dyeZGZxiDuQmZxKLAlQjr3jGyLx+4Kkk58UO7D2QdgFIQCovuSuZESne6RG6XQ=="
    "resolved" "https://registry.npmjs.org/agent-base/-/agent-base-6.0.2.tgz"
    "version" "6.0.2"
    dependencies:
      "debug" "4"
  
  "anymatch@~3.1.2":
    "integrity" "sha512-P43ePfOAIupkguHUycrc4qJ9kz8ZiuOUijaETwX7THt0Y/GNK7v0aa8rY816xWjZ7rJdA5XdMcpVFTKMq+RvWg=="
    "resolved" "https://registry.npmjs.org/anymatch/-/anymatch-3.1.2.tgz"
    "version" "3.1.2"
    dependencies:
      "normalize-path" "^3.0.0"
      "picomatch" "^2.0.4"
  
  "arrify@^2.0.0":
    "integrity" "sha512-3duEwti880xqi4eAMN8AyR4a0ByT90zoYdLlevfrvU43vb0YZwZVfxOgxWrLXXXpyugL0hNZc9G6BiB5B3nUug=="
    "resolved" "https://registry.npmjs.org/arrify/-/arrify-2.0.1.tgz"
    "version" "2.0.1"
  
  "augment@3.2.1":
    "integrity" "sha512-g5E3vuN1RvCvCqNLKeNOyvTO4RbpOyasUjc/e8dnK9ecg9J9nrSv8N2PxDdnaBXYgmiTAErnen2harV2euPpEA=="
    "resolved" "https://registry.npmjs.org/augment/-/augment-3.2.1.tgz"
    "version" "3.2.1"
  
  "balanced-match@^1.0.0":
    "integrity" "sha512-3oSeUO0TMV67hN1AmbXsK4yaqU7tjiHlbxRDZOpH0KW9+CeX4bRAaX0Anxt0tx2MrpRpWwQaPwIlISEJhYU5Pw=="
    "resolved" "https://registry.npmjs.org/balanced-match/-/balanced-match-1.0.2.tgz"
    "version" "1.0.2"
  
  "base64-js@^1.3.0":
    "integrity" "sha512-AKpaYlHn8t4SVbOHCy+b5+KKgvR4vrsD8vbvrbiQJps7fKDTkjkDry6ji0rUJjC0kzbNePLwzxq8iypo41qeWA=="
    "resolved" "https://registry.npmjs.org/base64-js/-/base64-js-1.5.1.tgz"
    "version" "1.5.1"
  
  "bignumber.js@^9.0.0":
    "integrity" "sha512-4LwHK4nfDOraBCtst+wOWIHbu1vhvAPJK8g8nROd4iuc3PSEjWif/qwbkh8jwCJz6yDBvtU4KPynETgrfh7y3A=="
    "resolved" "https://registry.npmjs.org/bignumber.js/-/bignumber.js-9.1.0.tgz"
    "version" "9.1.0"
  
  "binary-extensions@^2.0.0":
    "integrity" "sha512-jDctJ/IVQbZoJykoeHbhXpOlNBqGNcwXJKJog42E5HDPUwQTSdjCHdihjj0DlnheQ7blbT6dHOafNAiS8ooQKA=="
    "resolved" "https://registry.npmjs.org/binary-extensions/-/binary-extensions-2.2.0.tgz"
    "version" "2.2.0"
  
  "brace-expansion@^1.1.7":
    "integrity" "sha512-iCuPHDFgrHX7H2vEI/5xpz07zSHB00TpugqhmYtVmMO6518mCuRMoOYFldEBl0g187ufozdaHgWKcYFb61qGiA=="
    "resolved" "https://registry.npmjs.org/brace-expansion/-/brace-expansion-1.1.11.tgz"
    "version" "1.1.11"
    dependencies:
      "balanced-match" "^1.0.0"
      "concat-map" "0.0.1"
  
  "braces@~3.0.2":
    "integrity" "sha512-b8um+L1RzM3WDSzvhm6gIz1yfTbBt6YTlcEKAvsmqCZZFw46z626lVj9j1yEPW33H5H+lBQpZMP1k8l+78Ha0A=="
    "resolved" "https://registry.npmjs.org/braces/-/braces-3.0.2.tgz"
    "version" "3.0.2"
    dependencies:
      "fill-range" "^7.0.1"
  
  "buffer-equal-constant-time@1.0.1":
    "integrity" "sha512-zRpUiDwd/xk6ADqPMATG8vc9VPrkck7T07OIx0gnjmJAnHnTVXNQG3vfvWNuiZIkwu9KrKdA1iJKfsfTVxE6NA=="
    "resolved" "https://registry.npmjs.org/buffer-equal-constant-time/-/buffer-equal-constant-time-1.0.1.tgz"
    "version" "1.0.1"
  
  "call-bind@^1.0.0":
    "integrity" "sha512-7O+FbCihrB5WGbFYesctwmTKae6rOiIzmz1icreWJ+0aA7LJfuqhEso2T9ncpcFtzMQtzXf2QGGueWJGTYsqrA=="
    "resolved" "https://registry.npmjs.org/call-bind/-/call-bind-1.0.2.tgz"
    "version" "1.0.2"
    dependencies:
      "function-bind" "^1.1.1"
      "get-intrinsic" "^1.0.2"
  
  "chokidar@^3.5.2":
    "integrity" "sha512-Dr3sfKRP6oTcjf2JmUmFJfeVMvXBdegxB0iVQ5eb2V10uFJUCAS8OByZdVAyVb8xXNz3GjjTgj9kLWsZTqE6kw=="
    "resolved" "https://registry.npmjs.org/chokidar/-/chokidar-3.5.3.tgz"
    "version" "3.5.3"
    dependencies:
      "anymatch" "~3.1.2"
      "braces" "~3.0.2"
      "glob-parent" "~5.1.2"
      "is-binary-path" "~2.1.0"
      "is-glob" "~4.0.1"
      "normalize-path" "~3.0.0"
      "readdirp" "~3.6.0"
    optionalDependencies:
      "fsevents" "~2.3.2"
  
  "colors@0.5.x":
    "integrity" "sha512-XjsuUwpDeY98+yz959OlUK6m7mLBM+1MEG5oaenfuQnNnrQk1WvtcvFgN3FNDP3f2NmZ211t0mNEfSEN1h0eIg=="
    "resolved" "https://registry.npmjs.org/colors/-/colors-0.5.1.tgz"
    "version" "0.5.1"
  
  "concat-map@0.0.1":
    "integrity" "sha512-/Srv4dswyQNBfohGpz9o6Yb3Gz3SrUDqBH5rTuhGR7ahtlbYKnVxw2bCFMRljaA7EXHaXZ8wsHdodFvbkhKmqg=="
    "resolved" "https://registry.npmjs.org/concat-map/-/concat-map-0.0.1.tgz"
    "version" "0.0.1"
  
  "debug@^3.2.7":
    "integrity" "sha512-CFjzYYAi4ThfiQvizrFQevTTXHtnCqWfe7x1AhgEscTz6ZbLbfoLRLPugTQyBth6f8ZERVUSyWHFD/7Wu4t1XQ=="
    "resolved" "https://registry.npmjs.org/debug/-/debug-3.2.7.tgz"
    "version" "3.2.7"
    dependencies:
      "ms" "^2.1.1"
  
  "debug@4":
    "integrity" "sha512-PRWFHuSU3eDtQJPvnNY7Jcket1j0t5OuOsFzPPzsekD52Zl8qUfFIPEiswXqIvHWGVHOgX+7G/vCNNhehwxfkQ=="
    "resolved" "https://registry.npmjs.org/debug/-/debug-4.3.4.tgz"
    "version" "4.3.4"
    dependencies:
      "ms" "2.1.2"
  
  "ebnf-parser@0.1.x":
    "integrity" "sha512-urvSxVQ6XJcoTpc+/x2pWhhuOX4aljCNQpwzw+ifZvV1andZkAmiJc3Rq1oGEAQmcjiLceyMXOy1l8ms8qs2fQ=="
    "resolved" "https://registry.npmjs.org/ebnf-parser/-/ebnf-parser-0.1.10.tgz"
    "version" "0.1.10"
  
  "ecdsa-sig-formatter@^1.0.11", "ecdsa-sig-formatter@1.0.11":
    "integrity" "sha512-nagl3RYrbNv6kQkeJIpt6NJZy8twLB/2vtz6yN9Z4vRKHN4/QZJIEbqohALSgwKdnksuY3k5Addp5lg8sVoVcQ=="
    "resolved" "https://registry.npmjs.org/ecdsa-sig-formatter/-/ecdsa-sig-formatter-1.0.11.tgz"
    "version" "1.0.11"
    dependencies:
      "safe-buffer" "^5.0.1"
  
  "escodegen@0.0.21":
    "integrity" "sha512-BQL5g+BqyrM5HRAKt4Q4YuH9CqiEcIHWSJ8fg2PRNkGkXn/LgzeDCZzDDSX4UiljSAHgXaHgOZREQ2xOigbLzA=="
    "resolved" "https://registry.npmjs.org/escodegen/-/escodegen-0.0.21.tgz"
    "version" "0.0.21"
    dependencies:
      "esprima" "~1.0.2"
      "estraverse" "~0.0.4"
    optionalDependencies:
      "source-map" ">= 0.1.2"
  
  "esprima@~1.0.2", "esprima@1.0.x":
    "integrity" "sha512-rp5dMKN8zEs9dfi9g0X1ClLmV//WRyk/R15mppFNICIFRG5P92VP7Z04p8pk++gABo9W2tY+kHyu6P1mEHgmTA=="
    "resolved" "https://registry.npmjs.org/esprima/-/esprima-1.0.4.tgz"
    "version" "1.0.4"
  
  "estraverse@~0.0.4":
    "integrity" "sha512-21DfBCsFJGb3HZr0vEBH1Wk1tGSbbzA8I/xtSSoy/pRtupHv0OgBmObcNGXM3ec6/pOXTOOUYY9/5bfluzz0sw=="
    "resolved" "https://registry.npmjs.org/estraverse/-/estraverse-0.0.4.tgz"
    "version" "0.0.4"
  
  "extend@^3.0.2":
    "integrity" "sha512-fjquC59cD7CyW6urNXK0FBufkZcoiGG80wTuPujX590cB5Ttln20E2UB4S/WARVqhXffZl2LNgS+gQdPIIim/g=="
    "resolved" "https://registry.npmjs.org/extend/-/extend-3.0.2.tgz"
    "version" "3.0.2"
  
  "fast-text-encoding@^1.0.0":
    "integrity" "sha512-x6lDDm/tBAzX9kmsPcZsNbvDs3Zey3+scsxaZElS8xWLgUMAg/oFLeewfUz0mu1CblHhhsu15jGkraldkFh8KQ=="
    "resolved" "https://registry.npmjs.org/fast-text-encoding/-/fast-text-encoding-1.0.4.tgz"
    "version" "1.0.4"
  
  "fill-range@^7.0.1":
    "integrity" "sha512-qOo9F+dMUmC2Lcb4BbVvnKJxTPjCm+RRpe4gDuGrzkL7mEVl/djYSu2OdQ2Pa302N4oqkSg9ir6jaLWJ2USVpQ=="
    "resolved" "https://registry.npmjs.org/fill-range/-/fill-range-7.0.1.tgz"
    "version" "7.0.1"
    dependencies:
      "to-regex-range" "^5.0.1"
  
  "function-bind@^1.1.1":
    "integrity" "sha512-yIovAzMX49sF8Yl58fSCWJ5svSLuaibPxXQJFLmBObTuCr0Mf1KiPopGM9NiFjiYBCbfaa2Fh6breQ6ANVTI0A=="
    "resolved" "https://registry.npmjs.org/function-bind/-/function-bind-1.1.1.tgz"
    "version" "1.1.1"
  
  "gaxios@^5.0.0", "gaxios@^5.0.1":
    "integrity" "sha512-keK47BGKHyyOVQxgcUaSaFvr3ehZYAlvhvpHXy0YB2itzZef+GqZR8TBsfVRWghdwlKrYsn+8L8i3eblF7Oviw=="
    "resolved" "https://registry.npmjs.org/gaxios/-/gaxios-5.0.1.tgz"
    "version" "5.0.1"
    dependencies:
      "extend" "^3.0.2"
      "https-proxy-agent" "^5.0.0"
      "is-stream" "^2.0.0"
      "node-fetch" "^2.6.7"
  
  "gcp-metadata@^5.0.0":
    "integrity" "sha512-gfwuX3yA3nNsHSWUL4KG90UulNiq922Ukj3wLTrcnX33BB7PwB1o0ubR8KVvXu9nJH+P5w1j2SQSNNqto+H0DA=="
    "resolved" "https://registry.npmjs.org/gcp-metadata/-/gcp-metadata-5.0.0.tgz"
    "version" "5.0.0"
    dependencies:
      "gaxios" "^5.0.0"
      "json-bigint" "^1.0.0"
  
  "get-intrinsic@^1.0.2":
    "integrity" "sha512-Jfm3OyCxHh9DJyc28qGk+JmfkpO41A4XkneDSujN9MDXrm4oDKdHvndhZ2dN94+ERNfkYJWDclW6k2L/ZGHjXA=="
    "resolved" "https://registry.npmjs.org/get-intrinsic/-/get-intrinsic-1.1.2.tgz"
    "version" "1.1.2"
    dependencies:
      "function-bind" "^1.1.1"
      "has" "^1.0.3"
      "has-symbols" "^1.0.3"
  
  "glob-parent@~5.1.2":
    "integrity" "sha512-AOIgSQCepiJYwP3ARnGx+5VnTu2HBYdzbGP45eLw1vr3zB3vZLeyed1sC9hnbcOc9/SrMyM5RPQrkGz4aS9Zow=="
    "resolved" "https://registry.npmjs.org/glob-parent/-/glob-parent-5.1.2.tgz"
    "version" "5.1.2"
    dependencies:
      "is-glob" "^4.0.1"
  
  "google-auth-library@^8.0.2", "google-auth-library@^8.3.0":
    "integrity" "sha512-rXasaUScggvyD5ELpQC7SIOUOdqyOIifCK9TRDOLFEcuw1JxuyewKAwDs2QiKzMf8uLa0L360W0bVlV+sJDc8g=="
    "resolved" "https://registry.npmjs.org/google-auth-library/-/google-auth-library-8.3.0.tgz"
    "version" "8.3.0"
    dependencies:
      "arrify" "^2.0.0"
      "base64-js" "^1.3.0"
      "ecdsa-sig-formatter" "^1.0.11"
      "fast-text-encoding" "^1.0.0"
      "gaxios" "^5.0.0"
      "gcp-metadata" "^5.0.0"
      "gtoken" "^6.0.0"
      "jws" "^4.0.0"
      "lru-cache" "^6.0.0"
  
  "google-p12-pem@^4.0.0":
    "integrity" "sha512-lRTMn5ElBdDixv4a86bixejPSRk1boRtUowNepeKEVvYiFlkLuAJUVpEz6PfObDHYEKnZWq/9a2zC98xu62A9w=="
    "resolved" "https://registry.npmjs.org/google-p12-pem/-/google-p12-pem-4.0.0.tgz"
    "version" "4.0.0"
    dependencies:
      "node-forge" "^1.3.1"
  
  "googleapis-common@^6.0.0":
    "integrity" "sha512-COe4g+58FoIkLUe4ljlCl6ytgSqPYIyCrT9kEp+VDL3Ca5NAOqExZ13whJUZklmSgxS3isEbTBt5c7SgD0kfMA=="
    "resolved" "https://registry.npmjs.org/googleapis-common/-/googleapis-common-6.0.1.tgz"
    "version" "6.0.1"
    dependencies:
      "extend" "^3.0.2"
      "gaxios" "^5.0.1"
      "google-auth-library" "^8.0.2"
      "qs" "^6.7.0"
      "url-template" "^2.0.8"
      "uuid" "^8.0.0"
  
  "googleapis@^107.0.0":
    "integrity" "sha512-emMvsOEPvE9/DxrOVCMblQzKAhaar37c5JPAqYXoo+hxPpzFefkpN5ayIJFgatDpUWCSMvWtP3CcEWfFhFA7QA=="
    "resolved" "https://registry.npmjs.org/googleapis/-/googleapis-107.0.0.tgz"
    "version" "107.0.0"
    dependencies:
      "google-auth-library" "^8.0.2"
      "googleapis-common" "^6.0.0"
  
  "gtoken@^6.0.0":
    "integrity" "sha512-HPM4VzzPEGxjQ7T2xLrdSYBs+h1c0yHAUiN+8RHPDoiZbndlpg9Sx3SjWcrTt9+N3FHsSABEpjvdQVan5AAuZQ=="
    "resolved" "https://registry.npmjs.org/gtoken/-/gtoken-6.1.1.tgz"
    "version" "6.1.1"
    dependencies:
      "gaxios" "^5.0.1"
      "google-p12-pem" "^4.0.0"
      "jws" "^4.0.0"
  
  "has-flag@^3.0.0":
    "integrity" "sha512-sKJf1+ceQBr4SMkvQnBDNDtf4TXpVhVGateu0t918bl30FnbE2m4vNLX+VWe/dpjlb+HugGYzW7uQXH98HPEYw=="
    "resolved" "https://registry.npmjs.org/has-flag/-/has-flag-3.0.0.tgz"
    "version" "3.0.0"
  
  "has-symbols@^1.0.3":
    "integrity" "sha512-l3LCuF6MgDNwTDKkdYGEihYjt5pRPbEg46rtlmnSPlUbgmB8LOIrKJbYYFBSbnPaJexMKtiPO8hmeRjRz2Td+A=="
    "resolved" "https://registry.npmjs.org/has-symbols/-/has-symbols-1.0.3.tgz"
    "version" "1.0.3"
  
  "has@^1.0.3":
    "integrity" "sha512-f2dvO0VU6Oej7RkWJGrehjbzMAjFp5/VKPp5tTpWIV4JHHZK1/BxbFRtf/siA2SWTe09caDmVtYYzWEIbBS4zw=="
    "resolved" "https://registry.npmjs.org/has/-/has-1.0.3.tgz"
    "version" "1.0.3"
    dependencies:
      "function-bind" "^1.1.1"
  
  "https-proxy-agent@^5.0.0":
    "integrity" "sha512-dFcAjpTQFgoLMzC2VwU+C/CbS7uRL0lWmxDITmqm7C+7F0Odmj6s9l6alZc6AELXhrnggM2CeWSXHGOdX2YtwA=="
    "resolved" "https://registry.npmjs.org/https-proxy-agent/-/https-proxy-agent-5.0.1.tgz"
    "version" "5.0.1"
    dependencies:
      "agent-base" "6"
      "debug" "4"
  
  "ignore-by-default@^1.0.1":
    "integrity" "sha512-Ius2VYcGNk7T90CppJqcIkS5ooHUZyIQK+ClZfMfMNFEF9VSE73Fq+906u/CWu92x4gzZMWOwfFYckPObzdEbA=="
    "resolved" "https://registry.npmjs.org/ignore-by-default/-/ignore-by-default-1.0.1.tgz"
    "version" "1.0.1"
  
  "is-binary-path@~2.1.0":
    "integrity" "sha512-ZMERYes6pDydyuGidse7OsHxtbI7WVeUEozgR/g7rd0xUimYNlvZRE/K2MgZTjWy725IfelLeVcEM97mmtRGXw=="
    "resolved" "https://registry.npmjs.org/is-binary-path/-/is-binary-path-2.1.0.tgz"
    "version" "2.1.0"
    dependencies:
      "binary-extensions" "^2.0.0"
  
  "is-extglob@^2.1.1":
    "integrity" "sha512-SbKbANkN603Vi4jEZv49LeVJMn4yGwsbzZworEoyEiutsN3nJYdbO36zfhGJ6QEDpOZIFkDtnq5JRxmvl3jsoQ=="
    "resolved" "https://registry.npmjs.org/is-extglob/-/is-extglob-2.1.1.tgz"
    "version" "2.1.1"
  
  "is-glob@^4.0.1", "is-glob@~4.0.1":
    "integrity" "sha512-xelSayHH36ZgE7ZWhli7pW34hNbNl8Ojv5KVmkJD4hBdD3th8Tfk9vYasLM+mXWOZhFkgZfxhLSnrwRr4elSSg=="
    "resolved" "https://registry.npmjs.org/is-glob/-/is-glob-4.0.3.tgz"
    "version" "4.0.3"
    dependencies:
      "is-extglob" "^2.1.1"
  
  "is-number@^7.0.0":
    "integrity" "sha512-41Cifkg6e8TylSpdtTpeLVMqvSBEVzTttHvERD741+pnZ8ANv0004MRL43QKPDlK9cGvNp6NZWZUBlbGXYxxng=="
    "resolved" "https://registry.npmjs.org/is-number/-/is-number-7.0.0.tgz"
    "version" "7.0.0"
  
  "is-stream@^2.0.0":
    "integrity" "sha512-hFoiJiTl63nn+kstHGBtewWSKnQLpyb155KHheA1l39uvtO9nWIop1p3udqPcUd/xbF1VLMO4n7OI6p7RbngDg=="
    "resolved" "https://registry.npmjs.org/is-stream/-/is-stream-2.0.1.tgz"
    "version" "2.0.1"
  
  "jison-lex@0.2.x":
    "integrity" "sha512-WCNVPRxaTWdhwJAIrBsgkGT9n6H1yNR9Lfof5LUHaMul24ySrJ1SXbVPszZfs57jwXvASLWBpd0xpFEW2oIuVA=="
    "resolved" "https://registry.npmjs.org/jison-lex/-/jison-lex-0.2.1.tgz"
    "version" "0.2.1"
    dependencies:
      "lex-parser" "0.1.x"
      "nomnom" "1.5.2"
  
  "jison@0.4.4":
    "integrity" "sha512-8KfKaIIngog2VR5UfEmPhcK1i/2XbBzL5KZbuG8M0qLsYWnodWqq7x28XLsee0RazE0Z2OQAaG9/VCk7gi4VOA=="
    "resolved" "https://registry.npmjs.org/jison/-/jison-0.4.4.tgz"
    "version" "0.4.4"
    dependencies:
      "ebnf-parser" "0.1.x"
      "escodegen" "0.0.21"
      "esprima" "1.0.x"
      "jison-lex" "0.2.x"
      "JSONSelect" "0.4.0"
      "lex-parser" "0.1.x"
      "nomnom" "1.5.2"
  
  "json-bigint@^1.0.0":
    "integrity" "sha512-SiPv/8VpZuWbvLSMtTDU8hEfrZWg/mH/nV/b4o0CYbSxu1UIQPLdwKOCIyLQX+VIPO5vrLX3i8qtqFyhdPSUSQ=="
    "resolved" "https://registry.npmjs.org/json-bigint/-/json-bigint-1.0.0.tgz"
    "version" "1.0.0"
    dependencies:
      "bignumber.js" "^9.0.0"
  
  "JSONSelect@0.4.0":
    "integrity" "sha512-VRLR3Su35MH+XV2lrvh9O7qWoug/TUyj9tLDjn9rtpUCNnILLrHjgd/tB0KrhugCxUpj3UqoLqfYb3fLJdIQQQ=="
    "resolved" "https://registry.npmjs.org/JSONSelect/-/JSONSelect-0.4.0.tgz"
    "version" "0.4.0"
  
  "jwa@^2.0.0":
    "integrity" "sha512-jrZ2Qx916EA+fq9cEAeCROWPTfCwi1IVHqT2tapuqLEVVDKFDENFw1oL+MwrTvH6msKxsd1YTDVw6uKEcsrLEA=="
    "resolved" "https://registry.npmjs.org/jwa/-/jwa-2.0.0.tgz"
    "version" "2.0.0"
    dependencies:
      "buffer-equal-constant-time" "1.0.1"
      "ecdsa-sig-formatter" "1.0.11"
      "safe-buffer" "^5.0.1"
  
  "jws@^4.0.0":
    "integrity" "sha512-KDncfTmOZoOMTFG4mBlG0qUIOlc03fmzH+ru6RgYVZhPkyiy/92Owlt/8UEN+a4TXR1FQetfIpJE8ApdvdVxTg=="
    "resolved" "https://registry.npmjs.org/jws/-/jws-4.0.0.tgz"
    "version" "4.0.0"
    dependencies:
      "jwa" "^2.0.0"
      "safe-buffer" "^5.0.1"
  
  "lex-parser@0.1.x":
    "integrity" "sha512-DuAEISsr1H4LOpmFLkyMc8YStiRWZCO8hMsoXAXSbgyfvs2WQhSt0+/FBv3ZU/JBFZMGcE+FWzEBSzwUU7U27w=="
    "resolved" "https://registry.npmjs.org/lex-parser/-/lex-parser-0.1.4.tgz"
    "version" "0.1.4"
  
  "lex@1.7.4":
    "integrity" "sha512-9B1SLZjx8ZjYJx8AmlbVjeqYDllU7PCWwE/VYgq4DJ5gePjbzgdms+MC7tsj1tdyRp7O6BfXTTDHJnPiiPV0Pw=="
    "resolved" "https://registry.npmjs.org/lex/-/lex-1.7.4.tgz"
    "version" "1.7.4"
  
  "lru-cache@^6.0.0":
    "integrity" "sha512-Jo6dJ04CmSjuznwJSS3pUeWmd/H0ffTlkXXgwZi+eq1UCmqQwCh+eLsYOYCwY991i2Fah4h1BEMCx4qThGbsiA=="
    "resolved" "https://registry.npmjs.org/lru-cache/-/lru-cache-6.0.0.tgz"
    "version" "6.0.0"
    dependencies:
      "yallist" "^4.0.0"
  
  "minimatch@^3.0.4":
    "integrity" "sha512-J7p63hRiAjw1NDEww1W7i37+ByIrOWO5XQQAzZ3VOcL0PNybwpfmV/N05zFAzwQ9USyEcX6t3UO+K5aqBQOIHw=="
    "resolved" "https://registry.npmjs.org/minimatch/-/minimatch-3.1.2.tgz"
    "version" "3.1.2"
    dependencies:
      "brace-expansion" "^1.1.7"
  
  "ms@^2.1.1":
    "integrity" "sha512-6FlzubTLZG3J2a/NVCAleEhjzq5oxgHyaCU9yYXvcLsvoVaHJq/s5xXI6/XXP6tz7R9xAOtHnSO/tXtF3WRTlA=="
    "resolved" "https://registry.npmjs.org/ms/-/ms-2.1.3.tgz"
    "version" "2.1.3"
  
  "ms@2.1.2":
    "integrity" "sha512-sGkPx+VjMtmA6MX27oA4FBFELFCZZ4S4XqeGOXCv68tT+jb3vk/RyaKWP0PTKyWtmLSM0b+adUTEvbs1PEaH2w=="
    "resolved" "https://registry.npmjs.org/ms/-/ms-2.1.2.tgz"
    "version" "2.1.2"
  
  "node-fetch@^2.6.7":
    "integrity" "sha512-ZjMPFEfVx5j+y2yF35Kzx5sF7kDzxuDj6ziH4FFbOp87zKDZNx8yExJIb05OGF4Nlt9IHFIMBkRl41VdvcNdbQ=="
    "resolved" "https://registry.npmjs.org/node-fetch/-/node-fetch-2.6.7.tgz"
    "version" "2.6.7"
    dependencies:
      "whatwg-url" "^5.0.0"
  
  "node-forge@^1.3.1":
    "integrity" "sha512-dPEtOeMvF9VMcYV/1Wb8CPoVAXtp6MKMlcbAt4ddqmGqUJ6fQZFXkNZNkNlfevtNkGtaSoXf/vNNNSvgrdXwtA=="
    "resolved" "https://registry.npmjs.org/node-forge/-/node-forge-1.3.1.tgz"
    "version" "1.3.1"
  
  "nodemon@^2.0.16":
    "integrity" "sha512-4pv1f2bMDj0Eeg/MhGqxrtveeQ5/G/UVe9iO6uTZzjnRluSA4PVWf8CW99LUPwGB3eNIA7zUFoP77YuI7hOc0A=="
    "resolved" "https://registry.npmjs.org/nodemon/-/nodemon-2.0.19.tgz"
    "version" "2.0.19"
    dependencies:
      "chokidar" "^3.5.2"
      "debug" "^3.2.7"
      "ignore-by-default" "^1.0.1"
      "minimatch" "^3.0.4"
      "pstree.remy" "^1.1.8"
      "semver" "^5.7.1"
      "simple-update-notifier" "^1.0.7"
      "supports-color" "^5.5.0"
      "touch" "^3.1.0"
      "undefsafe" "^2.0.5"
  
  "nomnom@1.5.2":
    "integrity" "sha512-fiVbT7BqxiQqjlR9U3FDGOSERFCKoXVCdxV2FwZuNN7/cmJ42iQx35nUFOAFDcyvemu9Adp+IlsCGlKQYLmBKw=="
    "resolved" "https://registry.npmjs.org/nomnom/-/nomnom-1.5.2.tgz"
    "version" "1.5.2"
    dependencies:
      "colors" "0.5.x"
      "underscore" "1.1.x"
  
  "nopt@~1.0.10":
    "integrity" "sha512-NWmpvLSqUrgrAC9HCuxEvb+PSloHpqVu+FqcO4eeF2h5qYRhA7ev6KvelyQAKtegUbC6RypJnlEOhd8vloNKYg=="
    "resolved" "https://registry.npmjs.org/nopt/-/nopt-1.0.10.tgz"
    "version" "1.0.10"
    dependencies:
      "abbrev" "1"
  
  "normalize-path@^3.0.0", "normalize-path@~3.0.0":
    "integrity" "sha512-6eZs5Ls3WtCisHWp9S2GUy8dqkpGi4BVSz3GaqiE6ezub0512ESztXUwUB6C6IKbQkY2Pnb/mD4WYojCRwcwLA=="
    "resolved" "https://registry.npmjs.org/normalize-path/-/normalize-path-3.0.0.tgz"
    "version" "3.0.0"
  
  "object-inspect@^1.9.0":
    "integrity" "sha512-z+cPxW0QGUp0mcqcsgQyLVRDoXFQbXOwBaqyF7VIgI4TWNQsDHrBpUQslRmIfAoYWdYzs6UlKJtB2XJpTaNSpQ=="
    "resolved" "https://registry.npmjs.org/object-inspect/-/object-inspect-1.12.2.tgz"
    "version" "1.12.2"
  
  "picomatch@^2.0.4", "picomatch@^2.2.1":
    "integrity" "sha512-JU3teHTNjmE2VCGFzuY8EXzCDVwEqB2a8fsIvwaStHhAWJEeVd1o1QD80CU6+ZdEXXSLbSsuLwJjkCBWqRQUVA=="
    "resolved" "https://registry.npmjs.org/picomatch/-/picomatch-2.3.1.tgz"
    "version" "2.3.1"
  
  "pstree.remy@^1.1.8":
    "integrity" "sha512-77DZwxQmxKnu3aR542U+X8FypNzbfJ+C5XQDk3uWjWxn6151aIMGthWYRXTqT1E5oJvg+ljaa2OJi+VfvCOQ8w=="
    "resolved" "https://registry.npmjs.org/pstree.remy/-/pstree.remy-1.1.8.tgz"
    "version" "1.1.8"
  
  "qs@^6.7.0":
    "integrity" "sha512-MvjoMCJwEarSbUYk5O+nmoSzSutSsTwF85zcHPQ9OrlFoZOYIjaqBAJIqIXjptyD5vThxGq52Xu/MaJzRkIk4Q=="
    "resolved" "https://registry.npmjs.org/qs/-/qs-6.11.0.tgz"
    "version" "6.11.0"
    dependencies:
      "side-channel" "^1.0.4"
  
  "readdirp@~3.6.0":
    "integrity" "sha512-hOS089on8RduqdbhvQ5Z37A0ESjsqz6qnRcffsMU3495FuTdqSm+7bhJ29JvIOsBDEEnan5DPu9t3To9VRlMzA=="
    "resolved" "https://registry.npmjs.org/readdirp/-/readdirp-3.6.0.tgz"
    "version" "3.6.0"
    dependencies:
      "picomatch" "^2.2.1"
  
  "regex@^0.1.1":
    "integrity" "sha512-aZ/uNt2gUw9aD0K18LFAHdOUKsHL2fSny9YLqcxDfLmZOTK8mZxueHsAikh3UjPGZlmr4J3sdCNMPTp1wPR5hA=="
    "resolved" "https://registry.npmjs.org/regex/-/regex-0.1.1.tgz"
    "version" "0.1.1"
    dependencies:
      "augment" "3.2.1"
      "jison" "0.4.4"
      "lex" "1.7.4"
      "statemachines" "0.1.0"
  
  "safe-buffer@^5.0.1":
    "integrity" "sha512-rp3So07KcdmmKbGvgaNxQSJr7bGVSVk5S9Eq1F+ppbRo70+YeaDxkw5Dd8NPN+GD6bjnYm2VuPuCXmpuYvmCXQ=="
    "resolved" "https://registry.npmjs.org/safe-buffer/-/safe-buffer-5.2.1.tgz"
    "version" "5.2.1"
  
  "semver@^5.7.1":
    "integrity" "sha512-sauaDf/PZdVgrLTNYHRtpXa1iRiKcaebiKQ1BJdpQlWH2lCvexQdX55snPFyK7QzpudqbCI0qXFfOasHdyNDGQ=="
    "resolved" "https://registry.npmjs.org/semver/-/semver-5.7.1.tgz"
    "version" "5.7.1"
  
  "semver@~7.0.0":
    "integrity" "sha512-+GB6zVA9LWh6zovYQLALHwv5rb2PHGlJi3lfiqIHxR0uuwCgefcOJc59v9fv1w8GbStwxuuqqAjI9NMAOOgq1A=="
    "resolved" "https://registry.npmjs.org/semver/-/semver-7.0.0.tgz"
    "version" "7.0.0"
  
  "side-channel@^1.0.4":
    "integrity" "sha512-q5XPytqFEIKHkGdiMIrY10mvLRvnQh42/+GoBlFW3b2LXLE2xxJpZFdm94we0BaoV3RwJyGqg5wS7epxTv0Zvw=="
    "resolved" "https://registry.npmjs.org/side-channel/-/side-channel-1.0.4.tgz"
    "version" "1.0.4"
    dependencies:
      "call-bind" "^1.0.0"
      "get-intrinsic" "^1.0.2"
      "object-inspect" "^1.9.0"
  
  "simple-update-notifier@^1.0.7":
    "integrity" "sha512-BBKgR84BJQJm6WjWFMHgLVuo61FBDSj1z/xSFUIozqO6wO7ii0JxCqlIud7Enr/+LhlbNI0whErq96P2qHNWew=="
    "resolved" "https://registry.npmjs.org/simple-update-notifier/-/simple-update-notifier-1.0.7.tgz"
    "version" "1.0.7"
    dependencies:
      "semver" "~7.0.0"
  
  "sorted-array@1.1.0":
    "integrity" "sha512-jZgZDuFkeb3MJ9dE88/vlK7IB4C1Fip5oyCgabmxk8885dQP+zfZAq88RWzD+4KUskhHETVmDkMtERzRclI6fg=="
    "resolved" "https://registry.npmjs.org/sorted-array/-/sorted-array-1.1.0.tgz"
    "version" "1.1.0"
  
  "source-map@>= 0.1.2":
    "integrity" "sha512-l3BikUxvPOcn5E74dZiq5BGsTb5yEwhaTSzccU6t4sDOH8NWJCstKO5QT2CvtFoK6F0saL7p9xHAqHOlCPJygA=="
    "resolved" "https://registry.npmjs.org/source-map/-/source-map-0.7.4.tgz"
    "version" "0.7.4"
  
  "statemachines@0.1.0":
    "integrity" "sha512-RYZMSj20+WOobiIiBkCPUlZlJlnzPwzJ5DR6KA91RmxTBbe7EDB+ISNd2jU7QcI08BubqgL3bHFRhiL/KR3lYQ=="
    "resolved" "https://registry.npmjs.org/statemachines/-/statemachines-0.1.0.tgz"
    "version" "0.1.0"
    dependencies:
      "augment" "3.2.1"
      "sorted-array" "1.1.0"
  
  "supports-color@^5.5.0":
    "integrity" "sha512-QjVjwdXIt408MIiAqCX4oUKsgU2EqAGzs2Ppkm4aQYbjm+ZEWEcW4SfFNTr4uMNZma0ey4f5lgLrkB0aX0QMow=="
    "resolved" "https://registry.npmjs.org/supports-color/-/supports-color-5.5.0.tgz"
    "version" "5.5.0"
    dependencies:
      "has-flag" "^3.0.0"
  
  "to-regex-range@^5.0.1":
    "integrity" "sha512-65P7iz6X5yEr1cwcgvQxbbIw7Uk3gOy5dIdtZ4rDveLqhrdJP+Li/Hx6tyK0NEb+2GCyneCMJiGqrADCSNk8sQ=="
    "resolved" "https://registry.npmjs.org/to-regex-range/-/to-regex-range-5.0.1.tgz"
    "version" "5.0.1"
    dependencies:
      "is-number" "^7.0.0"
  
  "touch@^3.1.0":
    "integrity" "sha512-WBx8Uy5TLtOSRtIq+M03/sKDrXCLHxwDcquSP2c43Le03/9serjQBIztjRz6FkJez9D/hleyAXTBGLwwZUw9lA=="
    "resolved" "https://registry.npmjs.org/touch/-/touch-3.1.0.tgz"
    "version" "3.1.0"
    dependencies:
      "nopt" "~1.0.10"
  
  "tr46@~0.0.3":
    "integrity" "sha512-N3WMsuqV66lT30CrXNbEjx4GEwlow3v6rr4mCcv6prnfwhS01rkgyFdjPNBYd9br7LpXV1+Emh01fHnq2Gdgrw=="
    "resolved" "https://registry.npmjs.org/tr46/-/tr46-0.0.3.tgz"
    "version" "0.0.3"
  
  "undefsafe@^2.0.5":
    "integrity" "sha512-WxONCrssBM8TSPRqN5EmsjVrsv4A8X12J4ArBiiayv3DyyG3ZlIg6yysuuSYdZsVz3TKcTg2fd//Ujd4CHV1iA=="
    "resolved" "https://registry.npmjs.org/undefsafe/-/undefsafe-2.0.5.tgz"
    "version" "2.0.5"
  
  "underscore@1.1.x":
    "integrity" "sha512-w4QtCHoLBXw1mjofIDoMyexaEdWGMedWNDhlWTtT1V1lCRqi65Pnoygkh6+WRdr+Bm8ldkBNkNeCsXGMlQS9HQ=="
    "resolved" "https://registry.npmjs.org/underscore/-/underscore-1.1.7.tgz"
    "version" "1.1.7"
  
  "url-template@^2.0.8":
    "integrity" "sha512-XdVKMF4SJ0nP/O7XIPB0JwAEuT9lDIYnNsK8yGVe43y0AWoKeJNdv3ZNWh7ksJ6KqQFjOO6ox/VEitLnaVNufw=="
    "resolved" "https://registry.npmjs.org/url-template/-/url-template-2.0.8.tgz"
    "version" "2.0.8"
  
  "uuid@^8.0.0":
    "integrity" "sha512-+NYs2QeMWy+GWFOEm9xnn6HCDp0l7QBD7ml8zLUmJ+93Q5NF0NocErnwkTkXVFNiX3/fpC6afS8Dhb/gz7R7eg=="
    "resolved" "https://registry.npmjs.org/uuid/-/uuid-8.3.2.tgz"
    "version" "8.3.2"
  
  "webidl-conversions@^3.0.0":
    "integrity" "sha512-2JAn3z8AR6rjK8Sm8orRC0h/bcl/DqL7tRPdGZ4I1CjdF+EaMLmYxBHyXuKL849eucPFhvBoxMsflfOb8kxaeQ=="
    "resolved" "https://registry.npmjs.org/webidl-conversions/-/webidl-conversions-3.0.1.tgz"
    "version" "3.0.1"
  
  "whatwg-url@^5.0.0":
    "integrity" "sha512-saE57nupxk6v3HY35+jzBwYa0rKSy0XR8JSxZPwgLr7ys0IBzhGviA1/TUGJLmSVqs8pb9AnvICXEuOHLprYTw=="
    "resolved" "https://registry.npmjs.org/whatwg-url/-/whatwg-url-5.0.0.tgz"
    "version" "5.0.0"
    dependencies:
      "tr46" "~0.0.3"
      "webidl-conversions" "^3.0.0"
  
  "yallist@^4.0.0":
    "integrity" "sha512-3wdGidZyq5PB084XLES5TpOSRA3wjXAlIWMhum2kRcv/41Sn2emQ0dycQW4uZXLejwKvg6EsvbdlVL+FYEct7A=="
    "resolved" "https://registry.npmjs.org/yallist/-/yallist-4.0.0.tgz"
    "version" "4.0.0"
